\BOOKMARK [0][]{bookmark.0.cover.0}{Cover page}{}% 1
\BOOKMARK [0][]{Doc-Start}{Abbreviations and Acronyms}{}% 2
\BOOKMARK [0][]{bookmark.0.contents.0}{Contents}{}% 3
\BOOKMARK [0][]{chapter.1}{1 Introduction}{}% 4
\BOOKMARK [1][-]{section.1.1}{1.1 Application scenario}{chapter.1}% 5
\BOOKMARK [1][-]{section.1.2}{1.2 Research Questions}{chapter.1}% 6
\BOOKMARK [1][-]{section.1.3}{1.3 Expected Outcome}{chapter.1}% 7
\BOOKMARK [1][-]{section.1.4}{1.4 Structure of the Thesis}{chapter.1}% 8
\BOOKMARK [0][]{chapter.2}{2 Stock market analysis}{}% 9
\BOOKMARK [1][-]{section.2.1}{2.1 Stock price prediction trends}{chapter.2}% 10
\BOOKMARK [2][-]{subsection.2.1.1}{2.1.1 Statistical methods}{section.2.1}% 11
\BOOKMARK [2][-]{subsection.2.1.2}{2.1.2 Machine learning methods}{section.2.1}% 12
\BOOKMARK [1][-]{section.2.2}{2.2 Existing pipelines}{chapter.2}% 13
\BOOKMARK [2][-]{subsection.2.2.1}{2.2.1 Data sources}{section.2.2}% 14
\BOOKMARK [2][-]{subsection.2.2.2}{2.2.2 Ingestion}{section.2.2}% 15
\BOOKMARK [2][-]{subsection.2.2.3}{2.2.3 Storage}{section.2.2}% 16
\BOOKMARK [2][-]{subsection.2.2.4}{2.2.4 Analysis}{section.2.2}% 17
\BOOKMARK [0][]{chapter.3}{3 Environment}{}% 18
\BOOKMARK [0][]{chapter.4}{4 Methods}{}% 19
\BOOKMARK [0][]{chapter.5}{5 Implementation}{}% 20
\BOOKMARK [0][]{chapter.6}{6 Evaluation}{}% 21
\BOOKMARK [0][]{chapter.7}{7 Discussion}{}% 22
\BOOKMARK [0][]{chapter.8}{8 Conclusions}{}% 23
